# JRE version: Java(TM) SE Runtime Environment (8.0_301-b09) (build 1.8.0_301-b09)
# Java VM: Java HotSpot(TM) 64-Bit Server VM (25.301-b09 mixed mode windows-amd64 compressed oops)
Heap:
 PSYoungGen      total 185344K, used 106905K [0x00000000eb200000, 0x00000000f8d00000, 0x0000000100000000)
  eden space 173056K, 54% used [0x00000000eb200000,0x00000000f0ec2950,0x00000000f5b00000)
  from space 12288K, 96% used [0x00000000f8100000,0x00000000f8ca3b78,0x00000000f8d00000)
  to   space 16896K, 0% used [0x00000000f6c00000,0x00000000f6c00000,0x00000000f7c80000)
 ParOldGen       total 40448K, used 13862K [0x00000000c1600000, 0x00000000c3d80000, 0x00000000eb200000)
  object space 40448K, 34% used [0x00000000c1600000,0x00000000c2389860,0x00000000c3d80000)
 Metaspace       used 31746K, capacity 34026K, committed 34304K, reserved 1079296K
  class space    used 4154K, capacity 4581K, committed 4608K, reserved 1048576K
GC Heap History (10 events):
Event: 5.552 GC heap before
{Heap before GC invocations=7 (full 0):
 PSYoungGen      total 69120K, used 69105K [0x00000000eb200000, 0x00000000f0100000, 0x0000000100000000)
  eden space 63488K, 100% used [0x00000000eb200000,0x00000000ef000000,0x00000000ef000000)
  from space 5632K, 99% used [0x00000000ef780000,0x00000000efcfc480,0x00000000efd00000)
  to   space 7680K, 0% used [0x00000000ef000000,0x00000000ef000000,0x00000000ef780000)
 ParOldGen       total 44032K, used 5473K [0x00000000c1600000, 0x00000000c4100000, 0x00000000eb200000)
  object space 44032K, 12% used [0x00000000c1600000,0x00000000c1b586b0,0x00000000c4100000)
 Metaspace       used 19106K, capacity 19996K, committed 20096K, reserved 1067008K
  class space    used 2418K, capacity 2627K, committed 2688K, reserved 1048576K
Event: 5.575 GC heap after
Heap after GC invocations=7 (full 0):
 PSYoungGen      total 71168K, used 7674K [0x00000000eb200000, 0x00000000f4300000, 0x0000000100000000)
  eden space 63488K, 0% used [0x00000000eb200000,0x00000000eb200000,0x00000000ef000000)
  from space 7680K, 99% used [0x00000000ef000000,0x00000000ef77e958,0x00000000ef780000)
  to   space 10752K, 0% used [0x00000000f3880000,0x00000000f3880000,0x00000000f4300000)
 ParOldGen       total 44032K, used 8730K [0x00000000c1600000, 0x00000000c4100000, 0x00000000eb200000)
  object space 44032K, 19% used [0x00000000c1600000,0x00000000c1e86ab8,0x00000000c4100000)
 Metaspace       used 19106K, capacity 19996K, committed 20096K, reserved 1067008K
  class space    used 2418K, capacity 2627K, committed 2688K, reserved 1048576K
}
Event: 6.407 GC heap before
{Heap before GC invocations=8 (full 0):
 PSYoungGen      total 71168K, used 71162K [0x00000000eb200000, 0x00000000f4300000, 0x0000000100000000)
  eden space 63488K, 100% used [0x00000000eb200000,0x00000000ef000000,0x00000000ef000000)
  from space 7680K, 99% used [0x00000000ef000000,0x00000000ef77e958,0x00000000ef780000)
  to   space 10752K, 0% used [0x00000000f3880000,0x00000000f3880000,0x00000000f4300000)
 ParOldGen       total 44032K, used 8730K [0x00000000c1600000, 0x00000000c4100000, 0x00000000eb200000)
  object space 44032K, 19% used [0x00000000c1600000,0x00000000c1e86ab8,0x00000000c4100000)
 Metaspace       used 19142K, capacity 19996K, committed 20096K, reserved 1067008K
  class space    used 2422K, capacity 2627K, committed 2688K, reserved 1048576K
Event: 6.433 GC heap after
Heap after GC invocations=8 (full 0):
 PSYoungGen      total 133120K, used 10743K [0x00000000eb200000, 0x00000000f4c00000, 0x0000000100000000)
  eden space 122368K, 0% used [0x00000000eb200000,0x00000000eb200000,0x00000000f2980000)
  from space 10752K, 99% used [0x00000000f3880000,0x00000000f42fdcb8,0x00000000f4300000)
  to   space 15360K, 0% used [0x00000000f2980000,0x00000000f2980000,0x00000000f3880000)
 ParOldGen       total 44032K, used 15045K [0x00000000c1600000, 0x00000000c4100000, 0x00000000eb200000)
  object space 44032K, 34% used [0x00000000c1600000,0x00000000c24b15d0,0x00000000c4100000)
 Metaspace       used 19142K, capacity 19996K, committed 20096K, reserved 1067008K
  class space    used 2422K, capacity 2627K, committed 2688K, reserved 1048576K
}
Event: 7.514 GC heap before
{Heap before GC invocations=9 (full 0):
 PSYoungGen      total 133120K, used 88534K [0x00000000eb200000, 0x00000000f4c00000, 0x0000000100000000)
  eden space 122368K, 63% used [0x00000000eb200000,0x00000000efdf7c70,0x00000000f2980000)
  from space 10752K, 99% used [0x00000000f3880000,0x00000000f42fdcb8,0x00000000f4300000)
  to   space 15360K, 0% used [0x00000000f2980000,0x00000000f2980000,0x00000000f3880000)
 ParOldGen       total 44032K, used 15045K [0x00000000c1600000, 0x00000000c4100000, 0x00000000eb200000)
  object space 44032K, 34% used [0x00000000c1600000,0x00000000c24b15d0,0x00000000c4100000)
 Metaspace       used 20253K, capacity 21126K, committed 21248K, reserved 1067008K
  class space    used 2554K, capacity 2754K, committed 2816K, reserved 1048576K
Event: 7.539 GC heap after
Heap after GC invocations=9 (full 0):
 PSYoungGen      total 137728K, used 10619K [0x00000000eb200000, 0x00000000f9080000, 0x0000000100000000)
  eden space 122368K, 0% used [0x00000000eb200000,0x00000000eb200000,0x00000000f2980000)
  from space 15360K, 69% used [0x00000000f2980000,0x00000000f33def40,0x00000000f3880000)
  to   space 15872K, 0% used [0x00000000f8100000,0x00000000f8100000,0x00000000f9080000)
 ParOldGen       total 44032K, used 16927K [0x00000000c1600000, 0x00000000c4100000, 0x00000000eb200000)
  object space 44032K, 38% used [0x00000000c1600000,0x00000000c2687c68,0x00000000c4100000)
 Metaspace       used 20253K, capacity 21126K, committed 21248K, reserved 1067008K
  class space    used 2554K, capacity 2754K, committed 2816K, reserved 1048576K
}
Event: 7.539 GC heap before
{Heap before GC invocations=10 (full 1):
 PSYoungGen      total 137728K, used 10619K [0x00000000eb200000, 0x00000000f9080000, 0x0000000100000000)
  eden space 122368K, 0% used [0x00000000eb200000,0x00000000eb200000,0x00000000f2980000)
  from space 15360K, 69% used [0x00000000f2980000,0x00000000f33def40,0x00000000f3880000)
  to   space 15872K, 0% used [0x00000000f8100000,0x00000000f8100000,0x00000000f9080000)
 ParOldGen       total 44032K, used 16927K [0x00000000c1600000, 0x00000000c4100000, 0x00000000eb200000)
  object space 44032K, 38% used [0x00000000c1600000,0x00000000c2687c68,0x00000000c4100000)
 Metaspace       used 20253K, capacity 21126K, committed 21248K, reserved 1067008K
  class space    used 2554K, capacity 2754K, committed 2816K, reserved 1048576K
Event: 7.642 GC heap after
Heap after GC invocations=10 (full 1):
 PSYoungGen      total 137728K, used 0K [0x00000000eb200000, 0x00000000f9080000, 0x0000000100000000)
  eden space 122368K, 0% used [0x00000000eb200000,0x00000000eb200000,0x00000000f2980000)
  from space 15360K, 0% used [0x00000000f2980000,0x00000000f2980000,0x00000000f3880000)
  to   space 15872K, 0% used [0x00000000f8100000,0x00000000f8100000,0x00000000f9080000)
 ParOldGen       total 40448K, used 13854K [0x00000000c1600000, 0x00000000c3d80000, 0x00000000eb200000)
  object space 40448K, 34% used [0x00000000c1600000,0x00000000c2387860,0x00000000c3d80000)
 Metaspace       used 20253K, capacity 21126K, committed 21248K, reserved 1067008K
  class space    used 2554K, capacity 2754K, committed 2816K, reserved 1048576K
}
Event: 28.920 GC heap before
{Heap before GC invocations=11 (full 1):
 PSYoungGen      total 137728K, used 122368K [0x00000000eb200000, 0x00000000f9080000, 0x0000000100000000)
  eden space 122368K, 100% used [0x00000000eb200000,0x00000000f2980000,0x00000000f2980000)
  from space 15360K, 0% used [0x00000000f2980000,0x00000000f2980000,0x00000000f3880000)
  to   space 15872K, 0% used [0x00000000f8100000,0x00000000f8100000,0x00000000f9080000)
 ParOldGen       total 40448K, used 13854K [0x00000000c1600000, 0x00000000c3d80000, 0x00000000eb200000)
  object space 40448K, 34% used [0x00000000c1600000,0x00000000c2387860,0x00000000c3d80000)
 Metaspace       used 28381K, capacity 30424K, committed 30592K, reserved 1075200K
  class space    used 3723K, capacity 4114K, committed 4224K, reserved 1048576K
Event: 28.944 GC heap after
Heap after GC invocations=11 (full 1):
 PSYoungGen      total 185344K, used 11918K [0x00000000eb200000, 0x00000000f8d00000, 0x0000000100000000)
  eden space 173056K, 0% used [0x00000000eb200000,0x00000000eb200000,0x00000000f5b00000)
  from space 12288K, 96% used [0x00000000f8100000,0x00000000f8ca3b78,0x00000000f8d00000)
  to   space 16896K, 0% used [0x00000000f6c00000,0x00000000f6c00000,0x00000000f7c80000)
 ParOldGen       total 40448K, used 13862K [0x00000000c1600000, 0x00000000c3d80000, 0x00000000eb200000)
  object space 40448K, 34% used [0x00000000c1600000,0x00000000c2389860,0x00000000c3d80000)
 Metaspace       used 28381K, capacity 30424K, committed 30592K, reserved 1075200K
  class space    used 3723K, capacity 4114K, committed 4224K, reserved 1048576K
}

